2023/03/28 15:11:31 main.go:12: test
2023/03/29 12:14:05 todos.go:52: sql: expected 4 destination arguments in Scan, not 3
2023/03/29 12:15:03 todos.go:51: sql: expected 4 destination arguments in Scan, not 3
2023/03/29 13:02:39 todos.go:90: near "where": syntax error
2023/03/29 14:19:54 server.go:3217: http: panic serving [::1]:56637: open app/views/templates/layout.html/: The filename, directory name, or volume label syntax is incorrect.
goroutine 7 [running]:
net/http.(*conn).serve.func1()
	C:/Program Files/Go/src/net/http/server.go:1854 +0xbf
panic({0x7ff7eac403a0, 0xc00008c150})
	C:/Program Files/Go/src/runtime/panic.go:890 +0x263
text/template.Must(...)
	C:/Program Files/Go/src/text/template/helper.go:26
todo_app/app/controllers.generateHTML({0x7ff7ead1fdf0?, 0xc0000b6000}, {0x7ff7eac1d0c0, 0x7ff7ead1d180}, {0xc000103a28?, 0x2, 0x7ff7ea85c866?})
	C:/Users/luiha/OneDrive/デスクトップ/MyGo/todo_app/app/controllers/server.go:15 +0x237
todo_app/app/controllers.top({0x7ff7ead1fdf0?, 0xc0000b6000?}, 0xffffffffffffffff?)
	C:/Users/luiha/OneDrive/デスクトップ/MyGo/todo_app/app/controllers/route_main.go:8 +0x75
net/http.HandlerFunc.ServeHTTP(0xc000123900?, {0x7ff7ead1fdf0?, 0xc0000b6000?}, 0x7ff7ea78ecc8?)
	C:/Program Files/Go/src/net/http/server.go:2122 +0x2f
net/http.(*ServeMux).ServeHTTP(0x0?, {0x7ff7ead1fdf0, 0xc0000b6000}, 0xc00009a000)
	C:/Program Files/Go/src/net/http/server.go:2500 +0x149
net/http.serverHandler.ServeHTTP({0xc00008c030?}, {0x7ff7ead1fdf0, 0xc0000b6000}, 0xc00009a000)
	C:/Program Files/Go/src/net/http/server.go:2936 +0x316
net/http.(*conn).serve(0xc000152090, {0x7ff7ead20078, 0xc000119620})
	C:/Program Files/Go/src/net/http/server.go:1995 +0x612
created by net/http.(*Server).Serve
	C:/Program Files/Go/src/net/http/server.go:3089 +0x5ed
2023/03/29 14:19:54 server.go:3217: http: panic serving [::1]:56638: open app/views/templates/layout.html/: The filename, directory name, or volume label syntax is incorrect.
goroutine 8 [running]:
net/http.(*conn).serve.func1()
	C:/Program Files/Go/src/net/http/server.go:1854 +0xbf
panic({0x7ff7eac403a0, 0xc00008c240})
	C:/Program Files/Go/src/runtime/panic.go:890 +0x263
text/template.Must(...)
	C:/Program Files/Go/src/text/template/helper.go:26
todo_app/app/controllers.generateHTML({0x7ff7ead1fdf0?, 0xc0000b61c0}, {0x7ff7eac1d0c0, 0x7ff7ead1d180}, {0xc000197a28?, 0x2, 0x7ff7ea85c866?})
	C:/Users/luiha/OneDrive/デスクトップ/MyGo/todo_app/app/controllers/server.go:15 +0x237
todo_app/app/controllers.top({0x7ff7ead1fdf0?, 0xc0000b61c0?}, 0xffffffffffffffff?)
	C:/Users/luiha/OneDrive/デスクトップ/MyGo/todo_app/app/controllers/route_main.go:8 +0x75
net/http.HandlerFunc.ServeHTTP(0xc000123b80?, {0x7ff7ead1fdf0?, 0xc0000b61c0?}, 0x7ff7ea78ecc8?)
	C:/Program Files/Go/src/net/http/server.go:2122 +0x2f
net/http.(*ServeMux).ServeHTTP(0x0?, {0x7ff7ead1fdf0, 0xc0000b61c0}, 0xc00018e000)
	C:/Program Files/Go/src/net/http/server.go:2500 +0x149
net/http.serverHandler.ServeHTTP({0xc000182030?}, {0x7ff7ead1fdf0, 0xc0000b61c0}, 0xc00018e000)
	C:/Program Files/Go/src/net/http/server.go:2936 +0x316
net/http.(*conn).serve(0xc000152120, {0x7ff7ead20078, 0xc000119620})
	C:/Program Files/Go/src/net/http/server.go:1995 +0x612
created by net/http.(*Server).Serve
	C:/Program Files/Go/src/net/http/server.go:3089 +0x5ed
2023/03/29 14:19:54 server.go:3217: http: panic serving [::1]:56639: open app/views/templates/layout.html/: The filename, directory name, or volume label syntax is incorrect.
goroutine 20 [running]:
net/http.(*conn).serve.func1()
	C:/Program Files/Go/src/net/http/server.go:1854 +0xbf
panic({0x7ff7eac403a0, 0xc00008c3c0})
	C:/Program Files/Go/src/runtime/panic.go:890 +0x263
text/template.Must(...)
	C:/Program Files/Go/src/text/template/helper.go:26
todo_app/app/controllers.generateHTML({0x7ff7ead1fdf0?, 0xc0000b6380}, {0x7ff7eac1d0c0, 0x7ff7ead1d180}, {0xc000107a28?, 0x2, 0x7ff7ea85c866?})
	C:/Users/luiha/OneDrive/デスクトップ/MyGo/todo_app/app/controllers/server.go:15 +0x237
todo_app/app/controllers.top({0x7ff7ead1fdf0?, 0xc0000b6380?}, 0xffffffffffffffff?)
	C:/Users/luiha/OneDrive/デスクトップ/MyGo/todo_app/app/controllers/route_main.go:8 +0x75
net/http.HandlerFunc.ServeHTTP(0xc000222000?, {0x7ff7ead1fdf0?, 0xc0000b6380?}, 0x7ff7ea78ecc8?)
	C:/Program Files/Go/src/net/http/server.go:2122 +0x2f
net/http.(*ServeMux).ServeHTTP(0x0?, {0x7ff7ead1fdf0, 0xc0000b6380}, 0xc00014a100)
	C:/Program Files/Go/src/net/http/server.go:2500 +0x149
net/http.serverHandler.ServeHTTP({0xc000119770?}, {0x7ff7ead1fdf0, 0xc0000b6380}, 0xc00014a100)
	C:/Program Files/Go/src/net/http/server.go:2936 +0x316
net/http.(*conn).serve(0xc00009c240, {0x7ff7ead20078, 0xc000119620})
	C:/Program Files/Go/src/net/http/server.go:1995 +0x612
created by net/http.(*Server).Serve
	C:/Program Files/Go/src/net/http/server.go:3089 +0x5ed
2023/03/29 14:19:55 server.go:3217: http: panic serving [::1]:56641: open app/views/templates/layout.html/: The filename, directory name, or volume label syntax is incorrect.
goroutine 22 [running]:
net/http.(*conn).serve.func1()
	C:/Program Files/Go/src/net/http/server.go:1854 +0xbf
panic({0x7ff7eac403a0, 0xc00008c540})
	C:/Program Files/Go/src/runtime/panic.go:890 +0x263
text/template.Must(...)
	C:/Program Files/Go/src/text/template/helper.go:26
todo_app/app/controllers.generateHTML({0x7ff7ead1fdf0?, 0xc0000b6540}, {0x7ff7eac1d0c0, 0x7ff7ead1d180}, {0xc000161a28?, 0x2, 0x7ff7ea85c866?})
	C:/Users/luiha/OneDrive/デスクトップ/MyGo/todo_app/app/controllers/server.go:15 +0x237
todo_app/app/controllers.top({0x7ff7ead1fdf0?, 0xc0000b6540?}, 0xffffffffffffffff?)
	C:/Users/luiha/OneDrive/デスクトップ/MyGo/todo_app/app/controllers/route_main.go:8 +0x75
net/http.HandlerFunc.ServeHTTP(0xc000222280?, {0x7ff7ead1fdf0?, 0xc0000b6540?}, 0x7ff7ea78ecc8?)
	C:/Program Files/Go/src/net/http/server.go:2122 +0x2f
net/http.(*ServeMux).ServeHTTP(0x0?, {0x7ff7ead1fdf0, 0xc0000b6540}, 0xc00014a200)
	C:/Program Files/Go/src/net/http/server.go:2500 +0x149
net/http.serverHandler.ServeHTTP({0xc0001197d0?}, {0x7ff7ead1fdf0, 0xc0000b6540}, 0xc00014a200)
	C:/Program Files/Go/src/net/http/server.go:2936 +0x316
net/http.(*conn).serve(0xc00009c3f0, {0x7ff7ead20078, 0xc000119620})
	C:/Program Files/Go/src/net/http/server.go:1995 +0x612
created by net/http.(*Server).Serve
	C:/Program Files/Go/src/net/http/server.go:3089 +0x5ed
2023/03/29 14:19:55 server.go:3217: http: panic serving [::1]:56642: open app/views/templates/layout.html/: The filename, directory name, or volume label syntax is incorrect.
goroutine 9 [running]:
net/http.(*conn).serve.func1()
	C:/Program Files/Go/src/net/http/server.go:1854 +0xbf
panic({0x7ff7eac403a0, 0xc00008c600})
	C:/Program Files/Go/src/runtime/panic.go:890 +0x263
text/template.Must(...)
	C:/Program Files/Go/src/text/template/helper.go:26
todo_app/app/controllers.generateHTML({0x7ff7ead1fdf0?, 0xc0000b6700}, {0x7ff7eac1d0c0, 0x7ff7ead1d180}, {0xc000107a28?, 0x2, 0x7ff7ea85c866?})
	C:/Users/luiha/OneDrive/デスクトップ/MyGo/todo_app/app/controllers/server.go:15 +0x237
todo_app/app/controllers.top({0x7ff7ead1fdf0?, 0xc0000b6700?}, 0xffffffffffffffff?)
	C:/Users/luiha/OneDrive/デスクトップ/MyGo/todo_app/app/controllers/route_main.go:8 +0x75
net/http.HandlerFunc.ServeHTTP(0xc000162000?, {0x7ff7ead1fdf0?, 0xc0000b6700?}, 0x7ff7ea78ecc8?)
	C:/Program Files/Go/src/net/http/server.go:2122 +0x2f
net/http.(*ServeMux).ServeHTTP(0x0?, {0x7ff7ead1fdf0, 0xc0000b6700}, 0xc00009a500)
	C:/Program Files/Go/src/net/http/server.go:2500 +0x149
net/http.serverHandler.ServeHTTP({0xc00008c480?}, {0x7ff7ead1fdf0, 0xc0000b6700}, 0xc00009a500)
	C:/Program Files/Go/src/net/http/server.go:2936 +0x316
net/http.(*conn).serve(0xc0001521b0, {0x7ff7ead20078, 0xc000119620})
	C:/Program Files/Go/src/net/http/server.go:1995 +0x612
created by net/http.(*Server).Serve
	C:/Program Files/Go/src/net/http/server.go:3089 +0x5ed
2023/03/29 14:19:55 server.go:3217: http: panic serving [::1]:56643: open app/views/templates/layout.html/: The filename, directory name, or volume label syntax is incorrect.
goroutine 25 [running]:
net/http.(*conn).serve.func1()
	C:/Program Files/Go/src/net/http/server.go:1854 +0xbf
panic({0x7ff7eac403a0, 0xc000182180})
	C:/Program Files/Go/src/runtime/panic.go:890 +0x263
text/template.Must(...)
	C:/Program Files/Go/src/text/template/helper.go:26
todo_app/app/controllers.generateHTML({0x7ff7ead1fdf0?, 0xc0001b4000}, {0x7ff7eac1d0c0, 0x7ff7ead1d180}, {0xc0001a1a28?, 0x2, 0x7ff7ea85c866?})
	C:/Users/luiha/OneDrive/デスクトップ/MyGo/todo_app/app/controllers/server.go:15 +0x237
todo_app/app/controllers.top({0x7ff7ead1fdf0?, 0xc0001b4000?}, 0xffffffffffffffff?)
	C:/Users/luiha/OneDrive/デスクトップ/MyGo/todo_app/app/controllers/route_main.go:8 +0x75
net/http.HandlerFunc.ServeHTTP(0xc000222500?, {0x7ff7ead1fdf0?, 0xc0001b4000?}, 0x7ff7ea78ecc8?)
	C:/Program Files/Go/src/net/http/server.go:2122 +0x2f
net/http.(*ServeMux).ServeHTTP(0x0?, {0x7ff7ead1fdf0, 0xc0001b4000}, 0xc00018e100)
	C:/Program Files/Go/src/net/http/server.go:2500 +0x149
net/http.serverHandler.ServeHTTP({0xc0001820c0?}, {0x7ff7ead1fdf0, 0xc0001b4000}, 0xc00018e100)
	C:/Program Files/Go/src/net/http/server.go:2936 +0x316
net/http.(*conn).serve(0xc00009c6c0, {0x7ff7ead20078, 0xc000119620})
	C:/Program Files/Go/src/net/http/server.go:1995 +0x612
created by net/http.(*Server).Serve
	C:/Program Files/Go/src/net/http/server.go:3089 +0x5ed
2023/03/29 14:19:56 server.go:3217: http: panic serving [::1]:56644: open app/views/templates/layout.html/: The filename, directory name, or volume label syntax is incorrect.
goroutine 35 [running]:
net/http.(*conn).serve.func1()
	C:/Program Files/Go/src/net/http/server.go:1854 +0xbf
panic({0x7ff7eac403a0, 0xc0001199e0})
	C:/Program Files/Go/src/runtime/panic.go:890 +0x263
text/template.Must(...)
	C:/Program Files/Go/src/text/template/helper.go:26
todo_app/app/controllers.generateHTML({0x7ff7ead1fdf0?, 0xc00016c000}, {0x7ff7eac1d0c0, 0x7ff7ead1d180}, {0xc00019da28?, 0x2, 0x7ff7ea85c866?})
	C:/Users/luiha/OneDrive/デスクトップ/MyGo/todo_app/app/controllers/server.go:15 +0x237
todo_app/app/controllers.top({0x7ff7ead1fdf0?, 0xc00016c000?}, 0xffffffffffffffff?)
	C:/Users/luiha/OneDrive/デスクトップ/MyGo/todo_app/app/controllers/route_main.go:8 +0x75
net/http.HandlerFunc.ServeHTTP(0xc0001e8000?, {0x7ff7ead1fdf0?, 0xc00016c000?}, 0x7ff7ea78ecc8?)
	C:/Program Files/Go/src/net/http/server.go:2122 +0x2f
net/http.(*ServeMux).ServeHTTP(0x0?, {0x7ff7ead1fdf0, 0xc00016c000}, 0xc00014a300)
	C:/Program Files/Go/src/net/http/server.go:2500 +0x149
net/http.serverHandler.ServeHTTP({0xc000119890?}, {0x7ff7ead1fdf0, 0xc00016c000}, 0xc00014a300)
	C:/Program Files/Go/src/net/http/server.go:2936 +0x316
net/http.(*conn).serve(0xc0001a2120, {0x7ff7ead20078, 0xc000119620})
	C:/Program Files/Go/src/net/http/server.go:1995 +0x612
created by net/http.(*Server).Serve
	C:/Program Files/Go/src/net/http/server.go:3089 +0x5ed
2023/03/29 14:19:57 server.go:3217: http: panic serving [::1]:56645: open app/views/templates/layout.html/: The filename, directory name, or volume label syntax is incorrect.
goroutine 10 [running]:
net/http.(*conn).serve.func1()
	C:/Program Files/Go/src/net/http/server.go:1854 +0xbf
panic({0x7ff7eac403a0, 0xc000182390})
	C:/Program Files/Go/src/runtime/panic.go:890 +0x263
text/template.Must(...)
	C:/Program Files/Go/src/text/template/helper.go:26
todo_app/app/controllers.generateHTML({0x7ff7ead1fdf0?, 0xc0001b41c0}, {0x7ff7eac1d0c0, 0x7ff7ead1d180}, {0xc0001a1a28?, 0x2, 0x7ff7ea85c866?})
	C:/Users/luiha/OneDrive/デスクトップ/MyGo/todo_app/app/controllers/server.go:15 +0x237
todo_app/app/controllers.top({0x7ff7ead1fdf0?, 0xc0001b41c0?}, 0xffffffffffffffff?)
	C:/Users/luiha/OneDrive/デスクトップ/MyGo/todo_app/app/controllers/route_main.go:8 +0x75
net/http.HandlerFunc.ServeHTTP(0xc000162280?, {0x7ff7ead1fdf0?, 0xc0001b41c0?}, 0x7ff7ea78ecc8?)
	C:/Program Files/Go/src/net/http/server.go:2122 +0x2f
net/http.(*ServeMux).ServeHTTP(0x0?, {0x7ff7ead1fdf0, 0xc0001b41c0}, 0xc00018e300)
	C:/Program Files/Go/src/net/http/server.go:2500 +0x149
net/http.serverHandler.ServeHTTP({0xc000182240?}, {0x7ff7ead1fdf0, 0xc0001b41c0}, 0xc00018e300)
	C:/Program Files/Go/src/net/http/server.go:2936 +0x316
net/http.(*conn).serve(0xc000152240, {0x7ff7ead20078, 0xc000119620})
	C:/Program Files/Go/src/net/http/server.go:1995 +0x612
created by net/http.(*Server).Serve
	C:/Program Files/Go/src/net/http/server.go:3089 +0x5ed
2023/03/29 14:19:57 server.go:3217: http: panic serving [::1]:56648: open app/views/templates/layout.html/: The filename, directory name, or volume label syntax is incorrect.
goroutine 12 [running]:
net/http.(*conn).serve.func1()
	C:/Program Files/Go/src/net/http/server.go:1854 +0xbf
panic({0x7ff7eac403a0, 0xc000182480})
	C:/Program Files/Go/src/runtime/panic.go:890 +0x263
text/template.Must(...)
	C:/Program Files/Go/src/text/template/helper.go:26
todo_app/app/controllers.generateHTML({0x7ff7ead1fdf0?, 0xc0001b4380}, {0x7ff7eac1d0c0, 0x7ff7ead1d180}, {0xc0001f7a28?, 0x2, 0x7ff7ea85c866?})
	C:/Users/luiha/OneDrive/デスクトップ/MyGo/todo_app/app/controllers/server.go:15 +0x237
todo_app/app/controllers.top({0x7ff7ead1fdf0?, 0xc0001b4380?}, 0xffffffffffffffff?)
	C:/Users/luiha/OneDrive/デスクトップ/MyGo/todo_app/app/controllers/route_main.go:8 +0x75
net/http.HandlerFunc.ServeHTTP(0xc000162500?, {0x7ff7ead1fdf0?, 0xc0001b4380?}, 0x7ff7ea78ecc8?)
	C:/Program Files/Go/src/net/http/server.go:2122 +0x2f
net/http.(*ServeMux).ServeHTTP(0x0?, {0x7ff7ead1fdf0, 0xc0001b4380}, 0xc00018e400)
	C:/Program Files/Go/src/net/http/server.go:2500 +0x149
net/http.serverHandler.ServeHTTP({0xc0001822a0?}, {0x7ff7ead1fdf0, 0xc0001b4380}, 0xc00018e400)
	C:/Program Files/Go/src/net/http/server.go:2936 +0x316
net/http.(*conn).serve(0xc0001523f0, {0x7ff7ead20078, 0xc000119620})
	C:/Program Files/Go/src/net/http/server.go:1995 +0x612
created by net/http.(*Server).Serve
	C:/Program Files/Go/src/net/http/server.go:3089 +0x5ed
2023/03/29 14:19:57 server.go:3217: http: panic serving [::1]:56649: open app/views/templates/layout.html/: The filename, directory name, or volume label syntax is incorrect.
goroutine 38 [running]:
net/http.(*conn).serve.func1()
	C:/Program Files/Go/src/net/http/server.go:1854 +0xbf
panic({0x7ff7eac403a0, 0xc00008c780})
	C:/Program Files/Go/src/runtime/panic.go:890 +0x263
text/template.Must(...)
	C:/Program Files/Go/src/text/template/helper.go:26
todo_app/app/controllers.generateHTML({0x7ff7ead1fdf0?, 0xc0000b68c0}, {0x7ff7eac1d0c0, 0x7ff7ead1d180}, {0xc000107a28?, 0x2, 0x7ff7ea85c866?})
	C:/Users/luiha/OneDrive/デスクトップ/MyGo/todo_app/app/controllers/server.go:15 +0x237
todo_app/app/controllers.top({0x7ff7ead1fdf0?, 0xc0000b68c0?}, 0xffffffffffffffff?)
	C:/Users/luiha/OneDrive/デスクトップ/MyGo/todo_app/app/controllers/route_main.go:8 +0x75
net/http.HandlerFunc.ServeHTTP(0xc0001e8280?, {0x7ff7ead1fdf0?, 0xc0000b68c0?}, 0x7ff7ea78ecc8?)
	C:/Program Files/Go/src/net/http/server.go:2122 +0x2f
net/http.(*ServeMux).ServeHTTP(0x0?, {0x7ff7ead1fdf0, 0xc0000b68c0}, 0xc00009a800)
	C:/Program Files/Go/src/net/http/server.go:2500 +0x149
net/http.serverHandler.ServeHTTP({0xc00008c6c0?}, {0x7ff7ead1fdf0, 0xc0000b68c0}, 0xc00009a800)
	C:/Program Files/Go/src/net/http/server.go:2936 +0x316
net/http.(*conn).serve(0xc0001a23f0, {0x7ff7ead20078, 0xc000119620})
	C:/Program Files/Go/src/net/http/server.go:1995 +0x612
created by net/http.(*Server).Serve
	C:/Program Files/Go/src/net/http/server.go:3089 +0x5ed
2023/03/29 14:20:02 server.go:3217: http: panic serving [::1]:56654: open app/views/templates/layout.html/: The filename, directory name, or volume label syntax is incorrect.
goroutine 27 [running]:
net/http.(*conn).serve.func1()
	C:/Program Files/Go/src/net/http/server.go:1854 +0xbf
panic({0x7ff7eac403a0, 0xc0001826c0})
	C:/Program Files/Go/src/runtime/panic.go:890 +0x263
text/template.Must(...)
	C:/Program Files/Go/src/text/template/helper.go:26
todo_app/app/controllers.generateHTML({0x7ff7ead1fdf0?, 0xc0001b4540}, {0x7ff7eac1d0c0, 0x7ff7ead1d180}, {0xc0001f7a28?, 0x2, 0x7ff7ea85c866?})
	C:/Users/luiha/OneDrive/デスクトップ/MyGo/todo_app/app/controllers/server.go:15 +0x237
todo_app/app/controllers.top({0x7ff7ead1fdf0?, 0xc0001b4540?}, 0xffffffffffffffff?)
	C:/Users/luiha/OneDrive/デスクトップ/MyGo/todo_app/app/controllers/route_main.go:8 +0x75
net/http.HandlerFunc.ServeHTTP(0xc000222780?, {0x7ff7ead1fdf0?, 0xc0001b4540?}, 0x7ff7ea78ecc8?)
	C:/Program Files/Go/src/net/http/server.go:2122 +0x2f
net/http.(*ServeMux).ServeHTTP(0x0?, {0x7ff7ead1fdf0, 0xc0001b4540}, 0xc00018e700)
	C:/Program Files/Go/src/net/http/server.go:2500 +0x149
net/http.serverHandler.ServeHTTP({0xc0001825a0?}, {0x7ff7ead1fdf0, 0xc0001b4540}, 0xc00018e700)
	C:/Program Files/Go/src/net/http/server.go:2936 +0x316
net/http.(*conn).serve(0xc00009c870, {0x7ff7ead20078, 0xc000119620})
	C:/Program Files/Go/src/net/http/server.go:1995 +0x612
created by net/http.(*Server).Serve
	C:/Program Files/Go/src/net/http/server.go:3089 +0x5ed
2023/03/29 14:20:32 server.go:3217: http: panic serving [::1]:56655: open app/views/templates/layout.html/: The filename, directory name, or volume label syntax is incorrect.
goroutine 39 [running]:
net/http.(*conn).serve.func1()
	C:/Program Files/Go/src/net/http/server.go:1854 +0xbf
panic({0x7ff7eac403a0, 0xc00008c960})
	C:/Program Files/Go/src/runtime/panic.go:890 +0x263
text/template.Must(...)
	C:/Program Files/Go/src/text/template/helper.go:26
todo_app/app/controllers.generateHTML({0x7ff7ead1fdf0?, 0xc0000b6a80}, {0x7ff7eac1d0c0, 0x7ff7ead1d180}, {0xc000107a28?, 0x2, 0x7ff7ea85c866?})
	C:/Users/luiha/OneDrive/デスクトップ/MyGo/todo_app/app/controllers/server.go:15 +0x237
todo_app/app/controllers.top({0x7ff7ead1fdf0?, 0xc0000b6a80?}, 0xffffffffffffffff?)
	C:/Users/luiha/OneDrive/デスクトップ/MyGo/todo_app/app/controllers/route_main.go:8 +0x75
net/http.HandlerFunc.ServeHTTP(0xc0001e8500?, {0x7ff7ead1fdf0?, 0xc0000b6a80?}, 0x7ff7ea78ecc8?)
	C:/Program Files/Go/src/net/http/server.go:2122 +0x2f
net/http.(*ServeMux).ServeHTTP(0x0?, {0x7ff7ead1fdf0, 0xc0000b6a80}, 0xc00009aa00)
	C:/Program Files/Go/src/net/http/server.go:2500 +0x149
net/http.serverHandler.ServeHTTP({0xc00008c840?}, {0x7ff7ead1fdf0, 0xc0000b6a80}, 0xc00009aa00)
	C:/Program Files/Go/src/net/http/server.go:2936 +0x316
net/http.(*conn).serve(0xc0001a2480, {0x7ff7ead20078, 0xc000119620})
	C:/Program Files/Go/src/net/http/server.go:1995 +0x612
created by net/http.(*Server).Serve
	C:/Program Files/Go/src/net/http/server.go:3089 +0x5ed
2023/03/29 14:20:32 server.go:3217: http: panic serving [::1]:56683: open app/views/templates/layout.html/: The filename, directory name, or volume label syntax is incorrect.
goroutine 41 [running]:
net/http.(*conn).serve.func1()
	C:/Program Files/Go/src/net/http/server.go:1854 +0xbf
panic({0x7ff7eac403a0, 0xc00008ca20})
	C:/Program Files/Go/src/runtime/panic.go:890 +0x263
text/template.Must(...)
	C:/Program Files/Go/src/text/template/helper.go:26
todo_app/app/controllers.generateHTML({0x7ff7ead1fdf0?, 0xc0000b6c40}, {0x7ff7eac1d0c0, 0x7ff7ead1d180}, {0xc000103a28?, 0x2, 0x7ff7ea85c866?})
	C:/Users/luiha/OneDrive/デスクトップ/MyGo/todo_app/app/controllers/server.go:15 +0x237
todo_app/app/controllers.top({0x7ff7ead1fdf0?, 0xc0000b6c40?}, 0xffffffffffffffff?)
	C:/Users/luiha/OneDrive/デスクトップ/MyGo/todo_app/app/controllers/route_main.go:8 +0x75
net/http.HandlerFunc.ServeHTTP(0xc0001e8780?, {0x7ff7ead1fdf0?, 0xc0000b6c40?}, 0x7ff7ea78ecc8?)
	C:/Program Files/Go/src/net/http/server.go:2122 +0x2f
net/http.(*ServeMux).ServeHTTP(0x0?, {0x7ff7ead1fdf0, 0xc0000b6c40}, 0xc00009ab00)
	C:/Program Files/Go/src/net/http/server.go:2500 +0x149
net/http.serverHandler.ServeHTTP({0xc00008c8a0?}, {0x7ff7ead1fdf0, 0xc0000b6c40}, 0xc00009ab00)
	C:/Program Files/Go/src/net/http/server.go:2936 +0x316
net/http.(*conn).serve(0xc0001a2630, {0x7ff7ead20078, 0xc000119620})
	C:/Program Files/Go/src/net/http/server.go:1995 +0x612
created by net/http.(*Server).Serve
	C:/Program Files/Go/src/net/http/server.go:3089 +0x5ed
2023/03/29 14:20:32 server.go:3217: http: panic serving [::1]:56684: open app/views/templates/layout.html/: The filename, directory name, or volume label syntax is incorrect.
goroutine 30 [running]:
net/http.(*conn).serve.func1()
	C:/Program Files/Go/src/net/http/server.go:1854 +0xbf
panic({0x7ff7eac403a0, 0xc000182840})
	C:/Program Files/Go/src/runtime/panic.go:890 +0x263
text/template.Must(...)
	C:/Program Files/Go/src/text/template/helper.go:26
todo_app/app/controllers.generateHTML({0x7ff7ead1fdf0?, 0xc0001b4700}, {0x7ff7eac1d0c0, 0x7ff7ead1d180}, {0xc0001f7a28?, 0x2, 0x7ff7ea85c866?})
	C:/Users/luiha/OneDrive/デスクトップ/MyGo/todo_app/app/controllers/server.go:15 +0x237
todo_app/app/controllers.top({0x7ff7ead1fdf0?, 0xc0001b4700?}, 0xffffffffffffffff?)
	C:/Users/luiha/OneDrive/デスクトップ/MyGo/todo_app/app/controllers/route_main.go:8 +0x75
net/http.HandlerFunc.ServeHTTP(0xc000222a00?, {0x7ff7ead1fdf0?, 0xc0001b4700?}, 0x7ff7ea78ecc8?)
	C:/Program Files/Go/src/net/http/server.go:2122 +0x2f
net/http.(*ServeMux).ServeHTTP(0x0?, {0x7ff7ead1fdf0, 0xc0001b4700}, 0xc00018e900)
	C:/Program Files/Go/src/net/http/server.go:2500 +0x149
net/http.serverHandler.ServeHTTP({0xc000182780?}, {0x7ff7ead1fdf0, 0xc0001b4700}, 0xc00018e900)
	C:/Program Files/Go/src/net/http/server.go:2936 +0x316
net/http.(*conn).serve(0xc00009cb40, {0x7ff7ead20078, 0xc000119620})
	C:/Program Files/Go/src/net/http/server.go:1995 +0x612
created by net/http.(*Server).Serve
	C:/Program Files/Go/src/net/http/server.go:3089 +0x5ed
2023/03/29 14:21:02 server.go:3217: http: panic serving [::1]:56710: open app/views/templates/layout.html/: The filename, directory name, or volume label syntax is incorrect.
goroutine 43 [running]:
net/http.(*conn).serve.func1()
	C:/Program Files/Go/src/net/http/server.go:1854 +0xbf
panic({0x7ff7eac403a0, 0xc0001829c0})
	C:/Program Files/Go/src/runtime/panic.go:890 +0x263
text/template.Must(...)
	C:/Program Files/Go/src/text/template/helper.go:26
todo_app/app/controllers.generateHTML({0x7ff7ead1fdf0?, 0xc0001b48c0}, {0x7ff7eac1d0c0, 0x7ff7ead1d180}, {0xc00019da28?, 0x2, 0x7ff7ea85c866?})
	C:/Users/luiha/OneDrive/デスクトップ/MyGo/todo_app/app/controllers/server.go:15 +0x237
todo_app/app/controllers.top({0x7ff7ead1fdf0?, 0xc0001b48c0?}, 0xffffffffffffffff?)
	C:/Users/luiha/OneDrive/デスクトップ/MyGo/todo_app/app/controllers/route_main.go:8 +0x75
net/http.HandlerFunc.ServeHTTP(0xc0001e8a00?, {0x7ff7ead1fdf0?, 0xc0001b48c0?}, 0x7ff7ea78ecc8?)
	C:/Program Files/Go/src/net/http/server.go:2122 +0x2f
net/http.(*ServeMux).ServeHTTP(0x0?, {0x7ff7ead1fdf0, 0xc0001b48c0}, 0xc00014a500)
	C:/Program Files/Go/src/net/http/server.go:2500 +0x149
net/http.serverHandler.ServeHTTP({0xc000119aa0?}, {0x7ff7ead1fdf0, 0xc0001b48c0}, 0xc00014a500)
	C:/Program Files/Go/src/net/http/server.go:2936 +0x316
net/http.(*conn).serve(0xc0001a27e0, {0x7ff7ead20078, 0xc000119620})
	C:/Program Files/Go/src/net/http/server.go:1995 +0x612
created by net/http.(*Server).Serve
	C:/Program Files/Go/src/net/http/server.go:3089 +0x5ed
2023/03/29 14:21:36 server.go:3217: http: panic serving [::1]:56711: open app/views/templates/layout.html/: The filename, directory name, or volume label syntax is incorrect.
goroutine 13 [running]:
net/http.(*conn).serve.func1()
	C:/Program Files/Go/src/net/http/server.go:1854 +0xbf
panic({0x7ff7eac403a0, 0xc000119c20})
	C:/Program Files/Go/src/runtime/panic.go:890 +0x263
text/template.Must(...)
	C:/Program Files/Go/src/text/template/helper.go:26
todo_app/app/controllers.generateHTML({0x7ff7ead1fdf0?, 0xc00016c1c0}, {0x7ff7eac1d0c0, 0x7ff7ead1d180}, {0xc0001f7a28?, 0x2, 0x7ff7ea85c866?})
	C:/Users/luiha/OneDrive/デスクトップ/MyGo/todo_app/app/controllers/server.go:15 +0x237
todo_app/app/controllers.top({0x7ff7ead1fdf0?, 0xc00016c1c0?}, 0xffffffffffffffff?)
	C:/Users/luiha/OneDrive/デスクトップ/MyGo/todo_app/app/controllers/route_main.go:8 +0x75
net/http.HandlerFunc.ServeHTTP(0xc000162780?, {0x7ff7ead1fdf0?, 0xc00016c1c0?}, 0x7ff7ea78ecc8?)
	C:/Program Files/Go/src/net/http/server.go:2122 +0x2f
net/http.(*ServeMux).ServeHTTP(0x0?, {0x7ff7ead1fdf0, 0xc00016c1c0}, 0xc00018eb00)
	C:/Program Files/Go/src/net/http/server.go:2500 +0x149
net/http.serverHandler.ServeHTTP({0xc000182900?}, {0x7ff7ead1fdf0, 0xc00016c1c0}, 0xc00018eb00)
	C:/Program Files/Go/src/net/http/server.go:2936 +0x316
net/http.(*conn).serve(0xc000152480, {0x7ff7ead20078, 0xc000119620})
	C:/Program Files/Go/src/net/http/server.go:1995 +0x612
created by net/http.(*Server).Serve
	C:/Program Files/Go/src/net/http/server.go:3089 +0x5ed
2023/03/29 14:21:36 server.go:3217: http: panic serving [::1]:56741: open app/views/templates/layout.html/: The filename, directory name, or volume label syntax is incorrect.
goroutine 45 [running]:
net/http.(*conn).serve.func1()
	C:/Program Files/Go/src/net/http/server.go:1854 +0xbf
panic({0x7ff7eac403a0, 0xc000119d10})
	C:/Program Files/Go/src/runtime/panic.go:890 +0x263
text/template.Must(...)
	C:/Program Files/Go/src/text/template/helper.go:26
todo_app/app/controllers.generateHTML({0x7ff7ead1fdf0?, 0xc00016c380}, {0x7ff7eac1d0c0, 0x7ff7ead1d180}, {0xc0001f3a28?, 0x2, 0x7ff7ea85c866?})
	C:/Users/luiha/OneDrive/デスクトップ/MyGo/todo_app/app/controllers/server.go:15 +0x237
todo_app/app/controllers.top({0x7ff7ead1fdf0?, 0xc00016c380?}, 0xffffffffffffffff?)
	C:/Users/luiha/OneDrive/デスクトップ/MyGo/todo_app/app/controllers/route_main.go:8 +0x75
net/http.HandlerFunc.ServeHTTP(0xc0001e8c80?, {0x7ff7ead1fdf0?, 0xc00016c380?}, 0x7ff7ea78ecc8?)
	C:/Program Files/Go/src/net/http/server.go:2122 +0x2f
net/http.(*ServeMux).ServeHTTP(0x0?, {0x7ff7ead1fdf0, 0xc00016c380}, 0xc00014a600)
	C:/Program Files/Go/src/net/http/server.go:2500 +0x149
net/http.serverHandler.ServeHTTP({0xc000119b60?}, {0x7ff7ead1fdf0, 0xc00016c380}, 0xc00014a600)
	C:/Program Files/Go/src/net/http/server.go:2936 +0x316
net/http.(*conn).serve(0xc0001a2990, {0x7ff7ead20078, 0xc000119620})
	C:/Program Files/Go/src/net/http/server.go:1995 +0x612
created by net/http.(*Server).Serve
	C:/Program Files/Go/src/net/http/server.go:3089 +0x5ed
2023/03/29 14:21:36 server.go:3217: http: panic serving [::1]:56742: open app/views/templates/layout.html/: The filename, directory name, or volume label syntax is incorrect.
goroutine 16 [running]:
net/http.(*conn).serve.func1()
	C:/Program Files/Go/src/net/http/server.go:1854 +0xbf
panic({0x7ff7eac403a0, 0xc000182b40})
	C:/Program Files/Go/src/runtime/panic.go:890 +0x263
text/template.Must(...)
	C:/Program Files/Go/src/text/template/helper.go:26
todo_app/app/controllers.generateHTML({0x7ff7ead1fdf0?, 0xc0001b4a80}, {0x7ff7eac1d0c0, 0x7ff7ead1d180}, {0xc00019da28?, 0x2, 0x7ff7ea85c866?})
	C:/Users/luiha/OneDrive/デスクトップ/MyGo/todo_app/app/controllers/server.go:15 +0x237
todo_app/app/controllers.top({0x7ff7ead1fdf0?, 0xc0001b4a80?}, 0xffffffffffffffff?)
	C:/Users/luiha/OneDrive/デスクトップ/MyGo/todo_app/app/controllers/route_main.go:8 +0x75
net/http.HandlerFunc.ServeHTTP(0xc000162a00?, {0x7ff7ead1fdf0?, 0xc0001b4a80?}, 0x7ff7ea78ecc8?)
	C:/Program Files/Go/src/net/http/server.go:2122 +0x2f
net/http.(*ServeMux).ServeHTTP(0x0?, {0x7ff7ead1fdf0, 0xc0001b4a80}, 0xc00018ed00)
	C:/Program Files/Go/src/net/http/server.go:2500 +0x149
net/http.serverHandler.ServeHTTP({0xc000182a80?}, {0x7ff7ead1fdf0, 0xc0001b4a80}, 0xc00018ed00)
	C:/Program Files/Go/src/net/http/server.go:2936 +0x316
net/http.(*conn).serve(0xc000152750, {0x7ff7ead20078, 0xc000119620})
	C:/Program Files/Go/src/net/http/server.go:1995 +0x612
created by net/http.(*Server).Serve
	C:/Program Files/Go/src/net/http/server.go:3089 +0x5ed
2023/03/29 14:21:43 server.go:3217: http: panic serving [::1]:56755: open app/views/templates/layout.html/: The filename, directory name, or volume label syntax is incorrect.
goroutine 7 [running]:
net/http.(*conn).serve.func1()
	C:/Program Files/Go/src/net/http/server.go:1854 +0xbf
panic({0x7ff666be9020, 0xc00008c150})
	C:/Program Files/Go/src/runtime/panic.go:890 +0x263
html/template.Must(...)
	C:/Program Files/Go/src/html/template/template.go:368
todo_app/app/controllers.generateHTML({0x7ff666cd3410?, 0xc0000b6000}, {0x7ff666bc4700, 0x7ff666cd0710}, {0xc000103a28?, 0x2, 0x7ff6667dc866?})
	C:/Users/luiha/OneDrive/デスクトップ/MyGo/todo_app/app/controllers/server.go:15 +0x237
todo_app/app/controllers.top({0x7ff666cd3410?, 0xc0000b6000?}, 0xffffffffffffffff?)
	C:/Users/luiha/OneDrive/デスクトップ/MyGo/todo_app/app/controllers/route_main.go:8 +0x75
net/http.HandlerFunc.ServeHTTP(0xc000123b80?, {0x7ff666cd3410?, 0xc0000b6000?}, 0x7ff66670ecc8?)
	C:/Program Files/Go/src/net/http/server.go:2122 +0x2f
net/http.(*ServeMux).ServeHTTP(0x0?, {0x7ff666cd3410, 0xc0000b6000}, 0xc00009a000)
	C:/Program Files/Go/src/net/http/server.go:2500 +0x149
net/http.serverHandler.ServeHTTP({0xc00008c030?}, {0x7ff666cd3410, 0xc0000b6000}, 0xc00009a000)
	C:/Program Files/Go/src/net/http/server.go:2936 +0x316
net/http.(*conn).serve(0xc000156090, {0x7ff666cd36d8, 0xc000119860})
	C:/Program Files/Go/src/net/http/server.go:1995 +0x612
created by net/http.(*Server).Serve
	C:/Program Files/Go/src/net/http/server.go:3089 +0x5ed
2023/03/29 14:21:43 server.go:3217: http: panic serving [::1]:56756: open app/views/templates/layout.html/: The filename, directory name, or volume label syntax is incorrect.
goroutine 8 [running]:
net/http.(*conn).serve.func1()
	C:/Program Files/Go/src/net/http/server.go:1854 +0xbf
panic({0x7ff666be9020, 0xc00008c240})
	C:/Program Files/Go/src/runtime/panic.go:890 +0x263
html/template.Must(...)
	C:/Program Files/Go/src/html/template/template.go:368
todo_app/app/controllers.generateHTML({0x7ff666cd3410?, 0xc0000b61c0}, {0x7ff666bc4700, 0x7ff666cd0710}, {0xc000197a28?, 0x2, 0x7ff6667dc866?})
	C:/Users/luiha/OneDrive/デスクトップ/MyGo/todo_app/app/controllers/server.go:15 +0x237
todo_app/app/controllers.top({0x7ff666cd3410?, 0xc0000b61c0?}, 0xffffffffffffffff?)
	C:/Users/luiha/OneDrive/デスクトップ/MyGo/todo_app/app/controllers/route_main.go:8 +0x75
net/http.HandlerFunc.ServeHTTP(0xc00015e000?, {0x7ff666cd3410?, 0xc0000b61c0?}, 0x7ff66670ecc8?)
	C:/Program Files/Go/src/net/http/server.go:2122 +0x2f
net/http.(*ServeMux).ServeHTTP(0x0?, {0x7ff666cd3410, 0xc0000b61c0}, 0xc00018e000)
	C:/Program Files/Go/src/net/http/server.go:2500 +0x149
net/http.serverHandler.ServeHTTP({0xc000182030?}, {0x7ff666cd3410, 0xc0000b61c0}, 0xc00018e000)
	C:/Program Files/Go/src/net/http/server.go:2936 +0x316
net/http.(*conn).serve(0xc000156120, {0x7ff666cd36d8, 0xc000119860})
	C:/Program Files/Go/src/net/http/server.go:1995 +0x612
created by net/http.(*Server).Serve
	C:/Program Files/Go/src/net/http/server.go:3089 +0x5ed
2023/03/29 14:21:43 server.go:3217: http: panic serving [::1]:56757: open app/views/templates/layout.html/: The filename, directory name, or volume label syntax is incorrect.
goroutine 20 [running]:
net/http.(*conn).serve.func1()
	C:/Program Files/Go/src/net/http/server.go:1854 +0xbf
panic({0x7ff666be9020, 0xc000119a70})
	C:/Program Files/Go/src/runtime/panic.go:890 +0x263
html/template.Must(...)
	C:/Program Files/Go/src/html/template/template.go:368
todo_app/app/controllers.generateHTML({0x7ff666cd3410?, 0xc000164000}, {0x7ff666bc4700, 0x7ff666cd0710}, {0xc000107a28?, 0x2, 0x7ff6667dc866?})
	C:/Users/luiha/OneDrive/デスクトップ/MyGo/todo_app/app/controllers/server.go:15 +0x237
todo_app/app/controllers.top({0x7ff666cd3410?, 0xc000164000?}, 0xffffffffffffffff?)
	C:/Users/luiha/OneDrive/デスクトップ/MyGo/todo_app/app/controllers/route_main.go:8 +0x75
net/http.HandlerFunc.ServeHTTP(0xc000222000?, {0x7ff666cd3410?, 0xc000164000?}, 0x7ff66670ecc8?)
	C:/Program Files/Go/src/net/http/server.go:2122 +0x2f
net/http.(*ServeMux).ServeHTTP(0x0?, {0x7ff666cd3410, 0xc000164000}, 0xc000150100)
	C:/Program Files/Go/src/net/http/server.go:2500 +0x149
net/http.serverHandler.ServeHTTP({0xc0001199b0?}, {0x7ff666cd3410, 0xc000164000}, 0xc000150100)
	C:/Program Files/Go/src/net/http/server.go:2936 +0x316
net/http.(*conn).serve(0xc00009c240, {0x7ff666cd36d8, 0xc000119860})
	C:/Program Files/Go/src/net/http/server.go:1995 +0x612
created by net/http.(*Server).Serve
	C:/Program Files/Go/src/net/http/server.go:3089 +0x5ed
2023/03/29 14:21:44 server.go:3217: http: panic serving [::1]:56758: open app/views/templates/layout.html/: The filename, directory name, or volume label syntax is incorrect.
goroutine 10 [running]:
net/http.(*conn).serve.func1()
	C:/Program Files/Go/src/net/http/server.go:1854 +0xbf
panic({0x7ff666be9020, 0xc00008c480})
	C:/Program Files/Go/src/runtime/panic.go:890 +0x263
html/template.Must(...)
	C:/Program Files/Go/src/html/template/template.go:368
todo_app/app/controllers.generateHTML({0x7ff666cd3410?, 0xc0000b6380}, {0x7ff666bc4700, 0x7ff666cd0710}, {0xc000197a28?, 0x2, 0x7ff6667dc866?})
	C:/Users/luiha/OneDrive/デスクトップ/MyGo/todo_app/app/controllers/server.go:15 +0x237
todo_app/app/controllers.top({0x7ff666cd3410?, 0xc0000b6380?}, 0xffffffffffffffff?)
	C:/Users/luiha/OneDrive/デスクトップ/MyGo/todo_app/app/controllers/route_main.go:8 +0x75
net/http.HandlerFunc.ServeHTTP(0xc00015e280?, {0x7ff666cd3410?, 0xc0000b6380?}, 0x7ff66670ecc8?)
	C:/Program Files/Go/src/net/http/server.go:2122 +0x2f
net/http.(*ServeMux).ServeHTTP(0x0?, {0x7ff666cd3410, 0xc0000b6380}, 0xc00009a400)
	C:/Program Files/Go/src/net/http/server.go:2500 +0x149
net/http.serverHandler.ServeHTTP({0xc00008c360?}, {0x7ff666cd3410, 0xc0000b6380}, 0xc00009a400)
	C:/Program Files/Go/src/net/http/server.go:2936 +0x316
net/http.(*conn).serve(0xc0001562d0, {0x7ff666cd36d8, 0xc000119860})
	C:/Program Files/Go/src/net/http/server.go:1995 +0x612
created by net/http.(*Server).Serve
	C:/Program Files/Go/src/net/http/server.go:3089 +0x5ed
2023/03/29 14:21:44 server.go:3217: http: panic serving [::1]:56759: open app/views/templates/layout.html/: The filename, directory name, or volume label syntax is incorrect.
goroutine 21 [running]:
net/http.(*conn).serve.func1()
	C:/Program Files/Go/src/net/http/server.go:1854 +0xbf
panic({0x7ff666be9020, 0xc00008c540})
	C:/Program Files/Go/src/runtime/panic.go:890 +0x263
html/template.Must(...)
	C:/Program Files/Go/src/html/template/template.go:368
todo_app/app/controllers.generateHTML({0x7ff666cd3410?, 0xc0000b6540}, {0x7ff666bc4700, 0x7ff666cd0710}, {0xc000107a28?, 0x2, 0x7ff6667dc866?})
	C:/Users/luiha/OneDrive/デスクトップ/MyGo/todo_app/app/controllers/server.go:15 +0x237
todo_app/app/controllers.top({0x7ff666cd3410?, 0xc0000b6540?}, 0xffffffffffffffff?)
	C:/Users/luiha/OneDrive/デスクトップ/MyGo/todo_app/app/controllers/route_main.go:8 +0x75
net/http.HandlerFunc.ServeHTTP(0xc000222280?, {0x7ff666cd3410?, 0xc0000b6540?}, 0x7ff66670ecc8?)
	C:/Program Files/Go/src/net/http/server.go:2122 +0x2f
net/http.(*ServeMux).ServeHTTP(0x0?, {0x7ff666cd3410, 0xc0000b6540}, 0xc000150300)
	C:/Program Files/Go/src/net/http/server.go:2500 +0x149
net/http.serverHandler.ServeHTTP({0xc000119b30?}, {0x7ff666cd3410, 0xc0000b6540}, 0xc000150300)
	C:/Program Files/Go/src/net/http/server.go:2936 +0x316
net/http.(*conn).serve(0xc00009c2d0, {0x7ff666cd36d8, 0xc000119860})
	C:/Program Files/Go/src/net/http/server.go:1995 +0x612
created by net/http.(*Server).Serve
	C:/Program Files/Go/src/net/http/server.go:3089 +0x5ed
2023/03/29 14:21:44 server.go:3217: http: panic serving [::1]:56760: open app/views/templates/layout.html/: The filename, directory name, or volume label syntax is incorrect.
goroutine 24 [running]:
net/http.(*conn).serve.func1()
	C:/Program Files/Go/src/net/http/server.go:1854 +0xbf
panic({0x7ff666be9020, 0xc000182180})
	C:/Program Files/Go/src/runtime/panic.go:890 +0x263
html/template.Must(...)
	C:/Program Files/Go/src/html/template/template.go:368
todo_app/app/controllers.generateHTML({0x7ff666cd3410?, 0xc0001b2000}, {0x7ff666bc4700, 0x7ff666cd0710}, {0xc00019fa28?, 0x2, 0x7ff6667dc866?})
	C:/Users/luiha/OneDrive/デスクトップ/MyGo/todo_app/app/controllers/server.go:15 +0x237
todo_app/app/controllers.top({0x7ff666cd3410?, 0xc0001b2000?}, 0xffffffffffffffff?)
	C:/Users/luiha/OneDrive/デスクトップ/MyGo/todo_app/app/controllers/route_main.go:8 +0x75
net/http.HandlerFunc.ServeHTTP(0xc000222500?, {0x7ff666cd3410?, 0xc0001b2000?}, 0x7ff66670ecc8?)
	C:/Program Files/Go/src/net/http/server.go:2122 +0x2f
net/http.(*ServeMux).ServeHTTP(0x0?, {0x7ff666cd3410, 0xc0001b2000}, 0xc00018e100)
	C:/Program Files/Go/src/net/http/server.go:2500 +0x149
net/http.serverHandler.ServeHTTP({0xc0001820c0?}, {0x7ff666cd3410, 0xc0001b2000}, 0xc00018e100)
	C:/Program Files/Go/src/net/http/server.go:2936 +0x316
net/http.(*conn).serve(0xc00009c5a0, {0x7ff666cd36d8, 0xc000119860})
	C:/Program Files/Go/src/net/http/server.go:1995 +0x612
created by net/http.(*Server).Serve
	C:/Program Files/Go/src/net/http/server.go:3089 +0x5ed
2023/03/29 14:21:44 server.go:3217: http: panic serving [::1]:56761: open app/views/templates/layout.html/: The filename, directory name, or volume label syntax is incorrect.
goroutine 35 [running]:
net/http.(*conn).serve.func1()
	C:/Program Files/Go/src/net/http/server.go:1854 +0xbf
panic({0x7ff666be9020, 0xc00008c720})
	C:/Program Files/Go/src/runtime/panic.go:890 +0x263
html/template.Must(...)
	C:/Program Files/Go/src/html/template/template.go:368
todo_app/app/controllers.generateHTML({0x7ff666cd3410?, 0xc0000b6700}, {0x7ff666bc4700, 0x7ff666cd0710}, {0xc000107a28?, 0x2, 0x7ff6667dc866?})
	C:/Users/luiha/OneDrive/デスクトップ/MyGo/todo_app/app/controllers/server.go:15 +0x237
todo_app/app/controllers.top({0x7ff666cd3410?, 0xc0000b6700?}, 0xffffffffffffffff?)
	C:/Users/luiha/OneDrive/デスクトップ/MyGo/todo_app/app/controllers/route_main.go:8 +0x75
net/http.HandlerFunc.ServeHTTP(0xc0001e8000?, {0x7ff666cd3410?, 0xc0000b6700?}, 0x7ff66670ecc8?)
	C:/Program Files/Go/src/net/http/server.go:2122 +0x2f
net/http.(*ServeMux).ServeHTTP(0x0?, {0x7ff666cd3410, 0xc0000b6700}, 0xc00009a700)
	C:/Program Files/Go/src/net/http/server.go:2500 +0x149
net/http.serverHandler.ServeHTTP({0xc00008c600?}, {0x7ff666cd3410, 0xc0000b6700}, 0xc00009a700)
	C:/Program Files/Go/src/net/http/server.go:2936 +0x316
net/http.(*conn).serve(0xc0001a0120, {0x7ff666cd36d8, 0xc000119860})
	C:/Program Files/Go/src/net/http/server.go:1995 +0x612
created by net/http.(*Server).Serve
	C:/Program Files/Go/src/net/http/server.go:3089 +0x5ed
2023/03/29 14:21:44 server.go:3217: http: panic serving [::1]:56762: open app/views/templates/layout.html/: The filename, directory name, or volume label syntax is incorrect.
goroutine 25 [running]:
net/http.(*conn).serve.func1()
	C:/Program Files/Go/src/net/http/server.go:1854 +0xbf
panic({0x7ff666be9020, 0xc00008c7e0})
	C:/Program Files/Go/src/runtime/panic.go:890 +0x263
html/template.Must(...)
	C:/Program Files/Go/src/html/template/template.go:368
todo_app/app/controllers.generateHTML({0x7ff666cd3410?, 0xc0000b68c0}, {0x7ff666bc4700, 0x7ff666cd0710}, {0xc00019fa28?, 0x2, 0x7ff6667dc866?})
	C:/Users/luiha/OneDrive/デスクトップ/MyGo/todo_app/app/controllers/server.go:15 +0x237
todo_app/app/controllers.top({0x7ff666cd3410?, 0xc0000b68c0?}, 0xffffffffffffffff?)
	C:/Users/luiha/OneDrive/デスクトップ/MyGo/todo_app/app/controllers/route_main.go:8 +0x75
net/http.HandlerFunc.ServeHTTP(0xc000222780?, {0x7ff666cd3410?, 0xc0000b68c0?}, 0x7ff66670ecc8?)
	C:/Program Files/Go/src/net/http/server.go:2122 +0x2f
net/http.(*ServeMux).ServeHTTP(0x0?, {0x7ff666cd3410, 0xc0000b68c0}, 0xc00018e300)
	C:/Program Files/Go/src/net/http/server.go:2500 +0x149
net/http.serverHandler.ServeHTTP({0xc000182240?}, {0x7ff666cd3410, 0xc0000b68c0}, 0xc00018e300)
	C:/Program Files/Go/src/net/http/server.go:2936 +0x316
net/http.(*conn).serve(0xc00009c630, {0x7ff666cd36d8, 0xc000119860})
	C:/Program Files/Go/src/net/http/server.go:1995 +0x612
created by net/http.(*Server).Serve
	C:/Program Files/Go/src/net/http/server.go:3089 +0x5ed
2023/03/29 14:21:44 server.go:3217: http: panic serving [::1]:56763: open app/views/templates/layout.html/: The filename, directory name, or volume label syntax is incorrect.
goroutine 28 [running]:
net/http.(*conn).serve.func1()
	C:/Program Files/Go/src/net/http/server.go:1854 +0xbf
panic({0x7ff666be9020, 0xc000182360})
	C:/Program Files/Go/src/runtime/panic.go:890 +0x263
html/template.Must(...)
	C:/Program Files/Go/src/html/template/template.go:368
todo_app/app/controllers.generateHTML({0x7ff666cd3410?, 0xc0001b21c0}, {0x7ff666bc4700, 0x7ff666cd0710}, {0xc000107a28?, 0x2, 0x7ff6667dc866?})
	C:/Users/luiha/OneDrive/デスクトップ/MyGo/todo_app/app/controllers/server.go:15 +0x237
todo_app/app/controllers.top({0x7ff666cd3410?, 0xc0001b21c0?}, 0xffffffffffffffff?)
	C:/Users/luiha/OneDrive/デスクトップ/MyGo/todo_app/app/controllers/route_main.go:8 +0x75
net/http.HandlerFunc.ServeHTTP(0xc000222a00?, {0x7ff666cd3410?, 0xc0001b21c0?}, 0x7ff66670ecc8?)
	C:/Program Files/Go/src/net/http/server.go:2122 +0x2f
net/http.(*ServeMux).ServeHTTP(0x0?, {0x7ff666cd3410, 0xc0001b21c0}, 0xc00018e400)
	C:/Program Files/Go/src/net/http/server.go:2500 +0x149
net/http.serverHandler.ServeHTTP({0xc0001822a0?}, {0x7ff666cd3410, 0xc0001b21c0}, 0xc00018e400)
	C:/Program Files/Go/src/net/http/server.go:2936 +0x316
net/http.(*conn).serve(0xc00009c900, {0x7ff666cd36d8, 0xc000119860})
	C:/Program Files/Go/src/net/http/server.go:1995 +0x612
created by net/http.(*Server).Serve
	C:/Program Files/Go/src/net/http/server.go:3089 +0x5ed
2023/03/29 14:21:45 server.go:3217: http: panic serving [::1]:56764: open app/views/templates/layout.html/: The filename, directory name, or volume label syntax is incorrect.
goroutine 37 [running]:
net/http.(*conn).serve.func1()
	C:/Program Files/Go/src/net/http/server.go:1854 +0xbf
panic({0x7ff666be9020, 0xc0001824e0})
	C:/Program Files/Go/src/runtime/panic.go:890 +0x263
html/template.Must(...)
	C:/Program Files/Go/src/html/template/template.go:368
todo_app/app/controllers.generateHTML({0x7ff666cd3410?, 0xc0001b2380}, {0x7ff666bc4700, 0x7ff666cd0710}, {0xc00019fa28?, 0x2, 0x7ff6667dc866?})
	C:/Users/luiha/OneDrive/デスクトップ/MyGo/todo_app/app/controllers/server.go:15 +0x237
todo_app/app/controllers.top({0x7ff666cd3410?, 0xc0001b2380?}, 0xffffffffffffffff?)
	C:/Users/luiha/OneDrive/デスクトップ/MyGo/todo_app/app/controllers/route_main.go:8 +0x75
net/http.HandlerFunc.ServeHTTP(0xc0001e8280?, {0x7ff666cd3410?, 0xc0001b2380?}, 0x7ff66670ecc8?)
	C:/Program Files/Go/src/net/http/server.go:2122 +0x2f
net/http.(*ServeMux).ServeHTTP(0x0?, {0x7ff666cd3410, 0xc0001b2380}, 0xc00009aa00)
	C:/Program Files/Go/src/net/http/server.go:2500 +0x149
net/http.serverHandler.ServeHTTP({0xc00008c8a0?}, {0x7ff666cd3410, 0xc0001b2380}, 0xc00009aa00)
	C:/Program Files/Go/src/net/http/server.go:2936 +0x316
net/http.(*conn).serve(0xc0001a02d0, {0x7ff666cd36d8, 0xc000119860})
	C:/Program Files/Go/src/net/http/server.go:1995 +0x612
created by net/http.(*Server).Serve
	C:/Program Files/Go/src/net/http/server.go:3089 +0x5ed
2023/03/29 14:22:45 server.go:3217: http: panic serving [::1]:56820: open app/views/templates/layout.html/: The filename, directory name, or volume label syntax is incorrect.
goroutine 11 [running]:
net/http.(*conn).serve.func1()
	C:/Program Files/Go/src/net/http/server.go:1854 +0xbf
panic({0x7ff666be9020, 0xc000182660})
	C:/Program Files/Go/src/runtime/panic.go:890 +0x263
html/template.Must(...)
	C:/Program Files/Go/src/html/template/template.go:368
todo_app/app/controllers.generateHTML({0x7ff666cd3410?, 0xc0001b2540}, {0x7ff666bc4700, 0x7ff666cd0710}, {0xc00019ba28?, 0x2, 0x7ff6667dc866?})
	C:/Users/luiha/OneDrive/デスクトップ/MyGo/todo_app/app/controllers/server.go:15 +0x237
todo_app/app/controllers.top({0x7ff666cd3410?, 0xc0001b2540?}, 0xffffffffffffffff?)
	C:/Users/luiha/OneDrive/デスクトップ/MyGo/todo_app/app/controllers/route_main.go:8 +0x75
net/http.HandlerFunc.ServeHTTP(0xc00015e500?, {0x7ff666cd3410?, 0xc0001b2540?}, 0x7ff66670ecc8?)
	C:/Program Files/Go/src/net/http/server.go:2122 +0x2f
net/http.(*ServeMux).ServeHTTP(0x0?, {0x7ff666cd3410, 0xc0001b2540}, 0xc00018e800)
	C:/Program Files/Go/src/net/http/server.go:2500 +0x149
net/http.serverHandler.ServeHTTP({0xc000182540?}, {0x7ff666cd3410, 0xc0001b2540}, 0xc00018e800)
	C:/Program Files/Go/src/net/http/server.go:2936 +0x316
net/http.(*conn).serve(0xc000156360, {0x7ff666cd36d8, 0xc000119860})
	C:/Program Files/Go/src/net/http/server.go:1995 +0x612
created by net/http.(*Server).Serve
	C:/Program Files/Go/src/net/http/server.go:3089 +0x5ed
2023/03/29 14:25:12 server.go:3217: http: panic serving [::1]:52586: open app/views/templates/layout.html/: The filename, directory name, or volume label syntax is incorrect.
goroutine 41 [running]:
net/http.(*conn).serve.func1()
	C:/Program Files/Go/src/net/http/server.go:1854 +0xbf
panic({0x7ff666be9020, 0xc000182870})
	C:/Program Files/Go/src/runtime/panic.go:890 +0x263
html/template.Must(...)
	C:/Program Files/Go/src/html/template/template.go:368
todo_app/app/controllers.generateHTML({0x7ff666cd3410?, 0xc0001b2700}, {0x7ff666bc4700, 0x7ff666cd0710}, {0xc000103a28?, 0x2, 0x7ff6667dc866?})
	C:/Users/luiha/OneDrive/デスクトップ/MyGo/todo_app/app/controllers/server.go:15 +0x237
todo_app/app/controllers.top({0x7ff666cd3410?, 0xc0001b2700?}, 0xffffffffffffffff?)
	C:/Users/luiha/OneDrive/デスクトップ/MyGo/todo_app/app/controllers/route_main.go:8 +0x75
net/http.HandlerFunc.ServeHTTP(0xc0001e8780?, {0x7ff666cd3410?, 0xc0001b2700?}, 0x7ff66670ecc8?)
	C:/Program Files/Go/src/net/http/server.go:2122 +0x2f
net/http.(*ServeMux).ServeHTTP(0x0?, {0x7ff666cd3410, 0xc0001b2700}, 0xc00009ab00)
	C:/Program Files/Go/src/net/http/server.go:2500 +0x149
net/http.serverHandler.ServeHTTP({0xc00008c960?}, {0x7ff666cd3410, 0xc0001b2700}, 0xc00009ab00)
	C:/Program Files/Go/src/net/http/server.go:2936 +0x316
net/http.(*conn).serve(0xc0001a0630, {0x7ff666cd36d8, 0xc000119860})
	C:/Program Files/Go/src/net/http/server.go:1995 +0x612
created by net/http.(*Server).Serve
	C:/Program Files/Go/src/net/http/server.go:3089 +0x5ed
2023/03/29 14:25:12 server.go:3217: http: panic serving [::1]:52587: open app/views/templates/layout.html/: The filename, directory name, or volume label syntax is incorrect.
goroutine 30 [running]:
net/http.(*conn).serve.func1()
	C:/Program Files/Go/src/net/http/server.go:1854 +0xbf
panic({0x7ff666be9020, 0xc000182930})
	C:/Program Files/Go/src/runtime/panic.go:890 +0x263
html/template.Must(...)
	C:/Program Files/Go/src/html/template/template.go:368
todo_app/app/controllers.generateHTML({0x7ff666cd3410?, 0xc0001b28c0}, {0x7ff666bc4700, 0x7ff666cd0710}, {0xc000107a28?, 0x2, 0x7ff6667dc866?})
	C:/Users/luiha/OneDrive/デスクトップ/MyGo/todo_app/app/controllers/server.go:15 +0x237
todo_app/app/controllers.top({0x7ff666cd3410?, 0xc0001b28c0?}, 0xffffffffffffffff?)
	C:/Users/luiha/OneDrive/デスクトップ/MyGo/todo_app/app/controllers/route_main.go:8 +0x75
net/http.HandlerFunc.ServeHTTP(0xc000222f00?, {0x7ff666cd3410?, 0xc0001b28c0?}, 0x7ff66670ecc8?)
	C:/Program Files/Go/src/net/http/server.go:2122 +0x2f
net/http.(*ServeMux).ServeHTTP(0x0?, {0x7ff666cd3410, 0xc0001b28c0}, 0xc00018e900)
	C:/Program Files/Go/src/net/http/server.go:2500 +0x149
net/http.serverHandler.ServeHTTP({0xc0001827b0?}, {0x7ff666cd3410, 0xc0001b28c0}, 0xc00018e900)
	C:/Program Files/Go/src/net/http/server.go:2936 +0x316
net/http.(*conn).serve(0xc00009ca20, {0x7ff666cd36d8, 0xc000119860})
	C:/Program Files/Go/src/net/http/server.go:1995 +0x612
created by net/http.(*Server).Serve
	C:/Program Files/Go/src/net/http/server.go:3089 +0x5ed
2023/03/29 14:25:12 server.go:3217: http: panic serving [::1]:52588: open app/views/templates/layout.html/: The filename, directory name, or volume label syntax is incorrect.
goroutine 44 [running]:
net/http.(*conn).serve.func1()
	C:/Program Files/Go/src/net/http/server.go:1854 +0xbf
panic({0x7ff666be9020, 0xc000119d70})
	C:/Program Files/Go/src/runtime/panic.go:890 +0x263
html/template.Must(...)
	C:/Program Files/Go/src/html/template/template.go:368
todo_app/app/controllers.generateHTML({0x7ff666cd3410?, 0xc0001641c0}, {0x7ff666bc4700, 0x7ff666cd0710}, {0xc00019fa28?, 0x2, 0x7ff6667dc866?})
	C:/Users/luiha/OneDrive/デスクトップ/MyGo/todo_app/app/controllers/server.go:15 +0x237
todo_app/app/controllers.top({0x7ff666cd3410?, 0xc0001641c0?}, 0xffffffffffffffff?)
	C:/Users/luiha/OneDrive/デスクトップ/MyGo/todo_app/app/controllers/route_main.go:8 +0x75
net/http.HandlerFunc.ServeHTTP(0xc0001e8a00?, {0x7ff666cd3410?, 0xc0001641c0?}, 0x7ff66670ecc8?)
	C:/Program Files/Go/src/net/http/server.go:2122 +0x2f
net/http.(*ServeMux).ServeHTTP(0x0?, {0x7ff666cd3410, 0xc0001641c0}, 0xc000150500)
	C:/Program Files/Go/src/net/http/server.go:2500 +0x149
net/http.serverHandler.ServeHTTP({0xc000119cb0?}, {0x7ff666cd3410, 0xc0001641c0}, 0xc000150500)
	C:/Program Files/Go/src/net/http/server.go:2936 +0x316
net/http.(*conn).serve(0xc0001a0900, {0x7ff666cd36d8, 0xc000119860})
	C:/Program Files/Go/src/net/http/server.go:1995 +0x612
created by net/http.(*Server).Serve
	C:/Program Files/Go/src/net/http/server.go:3089 +0x5ed
2023/03/29 15:04:23 server.go:3217: http: panic serving [::1]:51859: open app/views/templates/pablic_navbar.html: The system cannot find the file specified.
goroutine 7 [running]:
net/http.(*conn).serve.func1()
	C:/Program Files/Go/src/net/http/server.go:1854 +0xbf
panic({0x7ff720ecc620, 0xc00008d620})
	C:/Program Files/Go/src/runtime/panic.go:890 +0x263
html/template.Must(...)
	C:/Program Files/Go/src/html/template/template.go:368
todo_app/app/controllers.generateHTML({0x7ff720fb7250?, 0xc0000a6620}, {0x0, 0x0}, {0xc000103a18?, 0x3, 0x0?})
	C:/Users/luiha/OneDrive/デスクトップ/MyGo/todo_app/app/controllers/server.go:15 +0x237
todo_app/app/controllers.login({0x7ff720fb7250?, 0xc0000a6620?}, 0xffffffffffffffff?)
	C:/Users/luiha/OneDrive/デスクトップ/MyGo/todo_app/app/controllers/route_auth.go:30 +0x8d
net/http.HandlerFunc.ServeHTTP(0xc000123b80?, {0x7ff720fb7250?, 0xc0000a6620?}, 0x7ff7209eecc8?)
	C:/Program Files/Go/src/net/http/server.go:2122 +0x2f
net/http.(*ServeMux).ServeHTTP(0x0?, {0x7ff720fb7250, 0xc0000a6620}, 0xc00009ad00)
	C:/Program Files/Go/src/net/http/server.go:2500 +0x149
net/http.serverHandler.ServeHTTP({0xc00008c030?}, {0x7ff720fb7250, 0xc0000a6620}, 0xc00009ad00)
	C:/Program Files/Go/src/net/http/server.go:2936 +0x316
net/http.(*conn).serve(0xc000152090, {0x7ff720fb7518, 0xc000119860})
	C:/Program Files/Go/src/net/http/server.go:1995 +0x612
created by net/http.(*Server).Serve
	C:/Program Files/Go/src/net/http/server.go:3089 +0x5ed
2023/03/29 15:04:23 server.go:3217: http: panic serving [::1]:51860: open app/views/templates/pablic_navbar.html: The system cannot find the file specified.
goroutine 8 [running]:
net/http.(*conn).serve.func1()
	C:/Program Files/Go/src/net/http/server.go:1854 +0xbf
panic({0x7ff720ecc620, 0xc00008da70})
	C:/Program Files/Go/src/runtime/panic.go:890 +0x263
html/template.Must(...)
	C:/Program Files/Go/src/html/template/template.go:368
todo_app/app/controllers.generateHTML({0x7ff720fb7250?, 0xc0000a67e0}, {0x0, 0x0}, {0xc000197a18?, 0x3, 0x0?})
	C:/Users/luiha/OneDrive/デスクトップ/MyGo/todo_app/app/controllers/server.go:15 +0x237
todo_app/app/controllers.login({0x7ff720fb7250?, 0xc0000a67e0?}, 0xffffffffffffffff?)
	C:/Users/luiha/OneDrive/デスクトップ/MyGo/todo_app/app/controllers/route_auth.go:30 +0x8d
net/http.HandlerFunc.ServeHTTP(0xc00015e000?, {0x7ff720fb7250?, 0xc0000a67e0?}, 0x7ff7209eecc8?)
	C:/Program Files/Go/src/net/http/server.go:2122 +0x2f
net/http.(*ServeMux).ServeHTTP(0x0?, {0x7ff720fb7250, 0xc0000a67e0}, 0xc00009af00)
	C:/Program Files/Go/src/net/http/server.go:2500 +0x149
net/http.serverHandler.ServeHTTP({0xc000182030?}, {0x7ff720fb7250, 0xc0000a67e0}, 0xc00009af00)
	C:/Program Files/Go/src/net/http/server.go:2936 +0x316
net/http.(*conn).serve(0xc000152120, {0x7ff720fb7518, 0xc000119860})
	C:/Program Files/Go/src/net/http/server.go:1995 +0x612
created by net/http.(*Server).Serve
	C:/Program Files/Go/src/net/http/server.go:3089 +0x5ed
2023/03/29 15:04:23 server.go:3217: http: panic serving [::1]:51882: open app/views/templates/pablic_navbar.html: The system cannot find the file specified.
goroutine 43 [running]:
net/http.(*conn).serve.func1()
	C:/Program Files/Go/src/net/http/server.go:1854 +0xbf
panic({0x7ff720ecc620, 0xc00023c000})
	C:/Program Files/Go/src/runtime/panic.go:890 +0x263
html/template.Must(...)
	C:/Program Files/Go/src/html/template/template.go:368
todo_app/app/controllers.generateHTML({0x7ff720fb7250?, 0xc0000a69a0}, {0x0, 0x0}, {0xc000107a18?, 0x3, 0x0?})
	C:/Users/luiha/OneDrive/デスクトップ/MyGo/todo_app/app/controllers/server.go:15 +0x237
todo_app/app/controllers.login({0x7ff720fb7250?, 0xc0000a69a0?}, 0xffffffffffffffff?)
	C:/Users/luiha/OneDrive/デスクトップ/MyGo/todo_app/app/controllers/route_auth.go:30 +0x8d
net/http.HandlerFunc.ServeHTTP(0xc0000c0c80?, {0x7ff720fb7250?, 0xc0000a69a0?}, 0x7ff7209eecc8?)
	C:/Program Files/Go/src/net/http/server.go:2122 +0x2f
net/http.(*ServeMux).ServeHTTP(0x0?, {0x7ff720fb7250, 0xc0000a69a0}, 0xc00014aa00)
	C:/Program Files/Go/src/net/http/server.go:2500 +0x149
net/http.serverHandler.ServeHTTP({0xc00016c9c0?}, {0x7ff720fb7250, 0xc0000a69a0}, 0xc00014aa00)
	C:/Program Files/Go/src/net/http/server.go:2936 +0x316
net/http.(*conn).serve(0xc00009ec60, {0x7ff720fb7518, 0xc000119860})
	C:/Program Files/Go/src/net/http/server.go:1995 +0x612
created by net/http.(*Server).Serve
	C:/Program Files/Go/src/net/http/server.go:3089 +0x5ed
2023/03/29 15:04:24 server.go:3217: http: panic serving [::1]:51885: open app/views/templates/pablic_navbar.html: The system cannot find the file specified.
goroutine 45 [running]:
net/http.(*conn).serve.func1()
	C:/Program Files/Go/src/net/http/server.go:1854 +0xbf
panic({0x7ff720ecc620, 0xc00023c540})
	C:/Program Files/Go/src/runtime/panic.go:890 +0x263
html/template.Must(...)
	C:/Program Files/Go/src/html/template/template.go:368
todo_app/app/controllers.generateHTML({0x7ff720fb7250?, 0xc0000a6b60}, {0x0, 0x0}, {0xc000177a18?, 0x3, 0x0?})
	C:/Users/luiha/OneDrive/デスクトップ/MyGo/todo_app/app/controllers/server.go:15 +0x237
todo_app/app/controllers.login({0x7ff720fb7250?, 0xc0000a6b60?}, 0xffffffffffffffff?)
	C:/Users/luiha/OneDrive/デスクトップ/MyGo/todo_app/app/controllers/route_auth.go:30 +0x8d
net/http.HandlerFunc.ServeHTTP(0xc0000c1180?, {0x7ff720fb7250?, 0xc0000a6b60?}, 0x7ff7209eecc8?)
	C:/Program Files/Go/src/net/http/server.go:2122 +0x2f
net/http.(*ServeMux).ServeHTTP(0x0?, {0x7ff720fb7250, 0xc0000a6b60}, 0xc00014ab00)
	C:/Program Files/Go/src/net/http/server.go:2500 +0x149
net/http.serverHandler.ServeHTTP({0xc00016ca20?}, {0x7ff720fb7250, 0xc0000a6b60}, 0xc00014ab00)
	C:/Program Files/Go/src/net/http/server.go:2936 +0x316
net/http.(*conn).serve(0xc00009ee10, {0x7ff720fb7518, 0xc000119860})
	C:/Program Files/Go/src/net/http/server.go:1995 +0x612
created by net/http.(*Server).Serve
	C:/Program Files/Go/src/net/http/server.go:3089 +0x5ed
2023/03/29 15:04:29 server.go:3217: http: panic serving [::1]:51886: open app/views/templates/pablic_navbar.html: The system cannot find the file specified.
goroutine 14 [running]:
net/http.(*conn).serve.func1()
	C:/Program Files/Go/src/net/http/server.go:1854 +0xbf
panic({0x7ff720ecc620, 0xc00023c9c0})
	C:/Program Files/Go/src/runtime/panic.go:890 +0x263
html/template.Must(...)
	C:/Program Files/Go/src/html/template/template.go:368
todo_app/app/controllers.generateHTML({0x7ff720fb7250?, 0xc0000a6d20}, {0x0, 0x0}, {0xc000107a18?, 0x3, 0x0?})
	C:/Users/luiha/OneDrive/デスクトップ/MyGo/todo_app/app/controllers/server.go:15 +0x237
todo_app/app/controllers.login({0x7ff720fb7250?, 0xc0000a6d20?}, 0xffffffffffffffff?)
	C:/Users/luiha/OneDrive/デスクトップ/MyGo/todo_app/app/controllers/route_auth.go:30 +0x8d
net/http.HandlerFunc.ServeHTTP(0xc00015ea00?, {0x7ff720fb7250?, 0xc0000a6d20?}, 0x7ff7209eecc8?)
	C:/Program Files/Go/src/net/http/server.go:2122 +0x2f
net/http.(*ServeMux).ServeHTTP(0x0?, {0x7ff720fb7250, 0xc0000a6d20}, 0xc00009b000)
	C:/Program Files/Go/src/net/http/server.go:2500 +0x149
net/http.serverHandler.ServeHTTP({0xc00023c0c0?}, {0x7ff720fb7250, 0xc0000a6d20}, 0xc00009b000)
	C:/Program Files/Go/src/net/http/server.go:2936 +0x316
net/http.(*conn).serve(0xc000152900, {0x7ff720fb7518, 0xc000119860})
	C:/Program Files/Go/src/net/http/server.go:1995 +0x612
created by net/http.(*Server).Serve
	C:/Program Files/Go/src/net/http/server.go:3089 +0x5ed
2023/03/29 15:04:29 server.go:3217: http: panic serving [::1]:51891: open app/views/templates/pablic_navbar.html: The system cannot find the file specified.
goroutine 15 [running]:
net/http.(*conn).serve.func1()
	C:/Program Files/Go/src/net/http/server.go:1854 +0xbf
panic({0x7ff720ecc620, 0xc00023ce40})
	C:/Program Files/Go/src/runtime/panic.go:890 +0x263
html/template.Must(...)
	C:/Program Files/Go/src/html/template/template.go:368
todo_app/app/controllers.generateHTML({0x7ff720fb7250?, 0xc0000a6ee0}, {0x0, 0x0}, {0xc000173a18?, 0x3, 0x0?})
	C:/Users/luiha/OneDrive/デスクトップ/MyGo/todo_app/app/controllers/server.go:15 +0x237
todo_app/app/controllers.login({0x7ff720fb7250?, 0xc0000a6ee0?}, 0xffffffffffffffff?)
	C:/Users/luiha/OneDrive/デスクトップ/MyGo/todo_app/app/controllers/route_auth.go:30 +0x8d
net/http.HandlerFunc.ServeHTTP(0xc00015ec80?, {0x7ff720fb7250?, 0xc0000a6ee0?}, 0x7ff7209eecc8?)
	C:/Program Files/Go/src/net/http/server.go:2122 +0x2f
net/http.(*ServeMux).ServeHTTP(0x0?, {0x7ff720fb7250, 0xc0000a6ee0}, 0xc00018f000)
	C:/Program Files/Go/src/net/http/server.go:2500 +0x149
net/http.serverHandler.ServeHTTP({0xc0001eec00?}, {0x7ff720fb7250, 0xc0000a6ee0}, 0xc00018f000)
	C:/Program Files/Go/src/net/http/server.go:2936 +0x316
net/http.(*conn).serve(0xc000152990, {0x7ff720fb7518, 0xc000119860})
	C:/Program Files/Go/src/net/http/server.go:1995 +0x612
created by net/http.(*Server).Serve
	C:/Program Files/Go/src/net/http/server.go:3089 +0x5ed
2023/03/29 15:04:29 server.go:3217: http: panic serving [::1]:51892: open app/views/templates/pablic_navbar.html: The system cannot find the file specified.
goroutine 49 [running]:
net/http.(*conn).serve.func1()
	C:/Program Files/Go/src/net/http/server.go:1854 +0xbf
panic({0x7ff720ecc620, 0xc0001ef0e0})
	C:/Program Files/Go/src/runtime/panic.go:890 +0x263
html/template.Must(...)
	C:/Program Files/Go/src/html/template/template.go:368
todo_app/app/controllers.generateHTML({0x7ff720fb7250?, 0xc0001b67e0}, {0x0, 0x0}, {0xc000107a18?, 0x3, 0x0?})
	C:/Users/luiha/OneDrive/デスクトップ/MyGo/todo_app/app/controllers/server.go:15 +0x237
todo_app/app/controllers.login({0x7ff720fb7250?, 0xc0001b67e0?}, 0xffffffffffffffff?)
	C:/Users/luiha/OneDrive/デスクトップ/MyGo/todo_app/app/controllers/route_auth.go:30 +0x8d
net/http.HandlerFunc.ServeHTTP(0xc0000c1b80?, {0x7ff720fb7250?, 0xc0001b67e0?}, 0x7ff7209eecc8?)
	C:/Program Files/Go/src/net/http/server.go:2122 +0x2f
net/http.(*ServeMux).ServeHTTP(0x0?, {0x7ff720fb7250, 0xc0001b67e0}, 0xc00018f100)
	C:/Program Files/Go/src/net/http/server.go:2500 +0x149
net/http.serverHandler.ServeHTTP({0xc0001eec60?}, {0x7ff720fb7250, 0xc0001b67e0}, 0xc00018f100)
	C:/Program Files/Go/src/net/http/server.go:2936 +0x316
net/http.(*conn).serve(0xc00009f200, {0x7ff720fb7518, 0xc000119860})
	C:/Program Files/Go/src/net/http/server.go:1995 +0x612
created by net/http.(*Server).Serve
	C:/Program Files/Go/src/net/http/server.go:3089 +0x5ed
2023/03/29 15:04:40 server.go:3217: http: panic serving [::1]:51903: open app/views/templates/pablic_navbar.html: The system cannot find the file specified.
goroutine 28 [running]:
net/http.(*conn).serve.func1()
	C:/Program Files/Go/src/net/http/server.go:1854 +0xbf
panic({0x7ff720ecc620, 0xc0001ef620})
	C:/Program Files/Go/src/runtime/panic.go:890 +0x263
html/template.Must(...)
	C:/Program Files/Go/src/html/template/template.go:368
todo_app/app/controllers.generateHTML({0x7ff720fb7250?, 0xc0001b69a0}, {0x0, 0x0}, {0xc000177a18?, 0x3, 0x0?})
	C:/Users/luiha/OneDrive/デスクトップ/MyGo/todo_app/app/controllers/server.go:15 +0x237
todo_app/app/controllers.login({0x7ff720fb7250?, 0xc0001b69a0?}, 0xffffffffffffffff?)
	C:/Users/luiha/OneDrive/デスクトップ/MyGo/todo_app/app/controllers/route_auth.go:30 +0x8d
net/http.HandlerFunc.ServeHTTP(0xc0001c7b80?, {0x7ff720fb7250?, 0xc0001b69a0?}, 0x7ff7209eecc8?)
	C:/Program Files/Go/src/net/http/server.go:2122 +0x2f
net/http.(*ServeMux).ServeHTTP(0x0?, {0x7ff720fb7250, 0xc0001b69a0}, 0xc00014ac00)
	C:/Program Files/Go/src/net/http/server.go:2500 +0x149
net/http.serverHandler.ServeHTTP({0xc00016cb40?}, {0x7ff720fb7250, 0xc0001b69a0}, 0xc00014ac00)
	C:/Program Files/Go/src/net/http/server.go:2936 +0x316
net/http.(*conn).serve(0xc00019acf0, {0x7ff720fb7518, 0xc000119860})
	C:/Program Files/Go/src/net/http/server.go:1995 +0x612
created by net/http.(*Server).Serve
	C:/Program Files/Go/src/net/http/server.go:3089 +0x5ed
2023/03/29 15:04:40 server.go:3217: http: panic serving [::1]:51904: open app/views/templates/pablic_navbar.html: The system cannot find the file specified.
goroutine 16 [running]:
net/http.(*conn).serve.func1()
	C:/Program Files/Go/src/net/http/server.go:1854 +0xbf
panic({0x7ff720ecc620, 0xc0001efad0})
	C:/Program Files/Go/src/runtime/panic.go:890 +0x263
html/template.Must(...)
	C:/Program Files/Go/src/html/template/template.go:368
todo_app/app/controllers.generateHTML({0x7ff720fb7250?, 0xc0001b6b60}, {0x0, 0x0}, {0xc000107a18?, 0x3, 0x0?})
	C:/Users/luiha/OneDrive/デスクトップ/MyGo/todo_app/app/controllers/server.go:15 +0x237
todo_app/app/controllers.login({0x7ff720fb7250?, 0xc0001b6b60?}, 0xffffffffffffffff?)
	C:/Users/luiha/OneDrive/デスクトップ/MyGo/todo_app/app/controllers/route_auth.go:30 +0x8d
net/http.HandlerFunc.ServeHTTP(0xc00015ef00?, {0x7ff720fb7250?, 0xc0001b6b60?}, 0x7ff7209eecc8?)
	C:/Program Files/Go/src/net/http/server.go:2122 +0x2f
net/http.(*ServeMux).ServeHTTP(0x0?, {0x7ff720fb7250, 0xc0001b6b60}, 0xc00018f300)
	C:/Program Files/Go/src/net/http/server.go:2500 +0x149
net/http.serverHandler.ServeHTTP({0xc0001ef1a0?}, {0x7ff720fb7250, 0xc0001b6b60}, 0xc00018f300)
	C:/Program Files/Go/src/net/http/server.go:2936 +0x316
net/http.(*conn).serve(0xc000152a20, {0x7ff720fb7518, 0xc000119860})
	C:/Program Files/Go/src/net/http/server.go:1995 +0x612
created by net/http.(*Server).Serve
	C:/Program Files/Go/src/net/http/server.go:3089 +0x5ed
2023/03/29 15:04:40 server.go:3217: http: panic serving [::1]:51905: open app/views/templates/pablic_navbar.html: The system cannot find the file specified.
goroutine 31 [running]:
net/http.(*conn).serve.func1()
	C:/Program Files/Go/src/net/http/server.go:1854 +0xbf
panic({0x7ff720ecc620, 0xc00023d380})
	C:/Program Files/Go/src/runtime/panic.go:890 +0x263
html/template.Must(...)
	C:/Program Files/Go/src/html/template/template.go:368
todo_app/app/controllers.generateHTML({0x7ff720fb7250?, 0xc0000a70a0}, {0x0, 0x0}, {0xc000173a18?, 0x3, 0x0?})
	C:/Users/luiha/OneDrive/デスクトップ/MyGo/todo_app/app/controllers/server.go:15 +0x237
todo_app/app/controllers.login({0x7ff720fb7250?, 0xc0000a70a0?}, 0xffffffffffffffff?)
	C:/Users/luiha/OneDrive/デスクトップ/MyGo/todo_app/app/controllers/route_auth.go:30 +0x8d
net/http.HandlerFunc.ServeHTTP(0xc0002ac500?, {0x7ff720fb7250?, 0xc0000a70a0?}, 0x7ff7209eecc8?)
	C:/Program Files/Go/src/net/http/server.go:2122 +0x2f
net/http.(*ServeMux).ServeHTTP(0x0?, {0x7ff720fb7250, 0xc0000a70a0}, 0xc00009b400)
	C:/Program Files/Go/src/net/http/server.go:2500 +0x149
net/http.serverHandler.ServeHTTP({0xc00023cf00?}, {0x7ff720fb7250, 0xc0000a70a0}, 0xc00009b400)
	C:/Program Files/Go/src/net/http/server.go:2936 +0x316
net/http.(*conn).serve(0xc00019afc0, {0x7ff720fb7518, 0xc000119860})
	C:/Program Files/Go/src/net/http/server.go:1995 +0x612
created by net/http.(*Server).Serve
	C:/Program Files/Go/src/net/http/server.go:3089 +0x5ed
2023/03/29 15:04:41 server.go:3217: http: panic serving [::1]:51906: open app/views/templates/pablic_navbar.html: The system cannot find the file specified.
goroutine 51 [running]:
net/http.(*conn).serve.func1()
	C:/Program Files/Go/src/net/http/server.go:1854 +0xbf
panic({0x7ff720ecc620, 0xc0002d80f0})
	C:/Program Files/Go/src/runtime/panic.go:890 +0x263
html/template.Must(...)
	C:/Program Files/Go/src/html/template/template.go:368
todo_app/app/controllers.generateHTML({0x7ff720fb7250?, 0xc0001b6d20}, {0x0, 0x0}, {0xc000107a18?, 0x3, 0x0?})
	C:/Users/luiha/OneDrive/デスクトップ/MyGo/todo_app/app/controllers/server.go:15 +0x237
todo_app/app/controllers.login({0x7ff720fb7250?, 0xc0001b6d20?}, 0xffffffffffffffff?)
	C:/Users/luiha/OneDrive/デスクトップ/MyGo/todo_app/app/controllers/route_auth.go:30 +0x8d
net/http.HandlerFunc.ServeHTTP(0xc000194280?, {0x7ff720fb7250?, 0xc0001b6d20?}, 0x7ff7209eecc8?)
	C:/Program Files/Go/src/net/http/server.go:2122 +0x2f
net/http.(*ServeMux).ServeHTTP(0x0?, {0x7ff720fb7250, 0xc0001b6d20}, 0xc00018f600)
	C:/Program Files/Go/src/net/http/server.go:2500 +0x149
net/http.serverHandler.ServeHTTP({0xc0001efbf0?}, {0x7ff720fb7250, 0xc0001b6d20}, 0xc00018f600)
	C:/Program Files/Go/src/net/http/server.go:2936 +0x316
net/http.(*conn).serve(0xc00009f3b0, {0x7ff720fb7518, 0xc000119860})
	C:/Program Files/Go/src/net/http/server.go:1995 +0x612
created by net/http.(*Server).Serve
	C:/Program Files/Go/src/net/http/server.go:3089 +0x5ed
2023/03/29 15:04:41 server.go:3217: http: panic serving [::1]:51907: open app/views/templates/pablic_navbar.html: The system cannot find the file specified.
goroutine 32 [running]:
net/http.(*conn).serve.func1()
	C:/Program Files/Go/src/net/http/server.go:1854 +0xbf
panic({0x7ff720ecc620, 0xc0002d8570})
	C:/Program Files/Go/src/runtime/panic.go:890 +0x263
html/template.Must(...)
	C:/Program Files/Go/src/html/template/template.go:368
todo_app/app/controllers.generateHTML({0x7ff720fb7250?, 0xc0001b6ee0}, {0x0, 0x0}, {0xc000173a18?, 0x3, 0x0?})
	C:/Users/luiha/OneDrive/デスクトップ/MyGo/todo_app/app/controllers/server.go:15 +0x237
todo_app/app/controllers.login({0x7ff720fb7250?, 0xc0001b6ee0?}, 0xffffffffffffffff?)
	C:/Users/luiha/OneDrive/デスクトップ/MyGo/todo_app/app/controllers/route_auth.go:30 +0x8d
net/http.HandlerFunc.ServeHTTP(0xc0002ac780?, {0x7ff720fb7250?, 0xc0001b6ee0?}, 0x7ff7209eecc8?)
	C:/Program Files/Go/src/net/http/server.go:2122 +0x2f
net/http.(*ServeMux).ServeHTTP(0x0?, {0x7ff720fb7250, 0xc0001b6ee0}, 0xc00009b600)
	C:/Program Files/Go/src/net/http/server.go:2500 +0x149
net/http.serverHandler.ServeHTTP({0xc00023d440?}, {0x7ff720fb7250, 0xc0001b6ee0}, 0xc00009b600)
	C:/Program Files/Go/src/net/http/server.go:2936 +0x316
net/http.(*conn).serve(0xc00019b050, {0x7ff720fb7518, 0xc000119860})
	C:/Program Files/Go/src/net/http/server.go:1995 +0x612
created by net/http.(*Server).Serve
	C:/Program Files/Go/src/net/http/server.go:3089 +0x5ed
2023/03/29 15:04:41 server.go:3217: http: panic serving [::1]:51908: open app/views/templates/pablic_navbar.html: The system cannot find the file specified.
goroutine 67 [running]:
net/http.(*conn).serve.func1()
	C:/Program Files/Go/src/net/http/server.go:1854 +0xbf
panic({0x7ff720ecc620, 0xc00023d920})
	C:/Program Files/Go/src/runtime/panic.go:890 +0x263
html/template.Must(...)
	C:/Program Files/Go/src/html/template/template.go:368
todo_app/app/controllers.generateHTML({0x7ff720fb7250?, 0xc0000a7260}, {0x0, 0x0}, {0xc000103a18?, 0x3, 0x0?})
	C:/Users/luiha/OneDrive/デスクトップ/MyGo/todo_app/app/controllers/server.go:15 +0x237
todo_app/app/controllers.login({0x7ff720fb7250?, 0xc0000a7260?}, 0xffffffffffffffff?)
	C:/Users/luiha/OneDrive/デスクトップ/MyGo/todo_app/app/controllers/route_auth.go:30 +0x8d
net/http.HandlerFunc.ServeHTTP(0xc0002acf00?, {0x7ff720fb7250?, 0xc0000a7260?}, 0x7ff7209eecc8?)
	C:/Program Files/Go/src/net/http/server.go:2122 +0x2f
net/http.(*ServeMux).ServeHTTP(0x0?, {0x7ff720fb7250, 0xc0000a7260}, 0xc00009b700)
	C:/Program Files/Go/src/net/http/server.go:2500 +0x149
net/http.serverHandler.ServeHTTP({0xc00023d4a0?}, {0x7ff720fb7250, 0xc0000a7260}, 0xc00009b700)
	C:/Program Files/Go/src/net/http/server.go:2936 +0x316
net/http.(*conn).serve(0xc00019b320, {0x7ff720fb7518, 0xc000119860})
	C:/Program Files/Go/src/net/http/server.go:1995 +0x612
created by net/http.(*Server).Serve
	C:/Program Files/Go/src/net/http/server.go:3089 +0x5ed
2023/03/29 15:05:11 server.go:3217: http: panic serving [::1]:51940: open app/views/templates/pablic_navbar.html: The system cannot find the file specified.
goroutine 53 [running]:
net/http.(*conn).serve.func1()
	C:/Program Files/Go/src/net/http/server.go:1854 +0xbf
panic({0x7ff720ecc620, 0xc00016d020})
	C:/Program Files/Go/src/runtime/panic.go:890 +0x263
html/template.Must(...)
	C:/Program Files/Go/src/html/template/template.go:368
todo_app/app/controllers.generateHTML({0x7ff720fb7250?, 0xc000164460}, {0x0, 0x0}, {0xc000173a18?, 0x3, 0x0?})
	C:/Users/luiha/OneDrive/デスクトップ/MyGo/todo_app/app/controllers/server.go:15 +0x237
todo_app/app/controllers.login({0x7ff720fb7250?, 0xc000164460?}, 0xffffffffffffffff?)
	C:/Users/luiha/OneDrive/デスクトップ/MyGo/todo_app/app/controllers/route_auth.go:30 +0x8d
net/http.HandlerFunc.ServeHTTP(0xc000194780?, {0x7ff720fb7250?, 0xc000164460?}, 0x7ff7209eecc8?)
	C:/Program Files/Go/src/net/http/server.go:2122 +0x2f
net/http.(*ServeMux).ServeHTTP(0x0?, {0x7ff720fb7250, 0xc000164460}, 0xc00018f900)
	C:/Program Files/Go/src/net/http/server.go:2500 +0x149
net/http.serverHandler.ServeHTTP({0xc0002d8630?}, {0x7ff720fb7250, 0xc000164460}, 0xc00018f900)
	C:/Program Files/Go/src/net/http/server.go:2936 +0x316
net/http.(*conn).serve(0xc00009f560, {0x7ff720fb7518, 0xc000119860})
	C:/Program Files/Go/src/net/http/server.go:1995 +0x612
created by net/http.(*Server).Serve
	C:/Program Files/Go/src/net/http/server.go:3089 +0x5ed
